#
# There is insufficient memory for the Java Runtime Environment to continue.
# Native memory allocation (mmap) failed to map 65536 bytes for Failed to commit metaspace.
# Possible reasons:
#   The system is out of physical RAM or swap space
#   The process is running with CompressedOops enabled, and the Java Heap may be blocking the growth of the native heap
# Possible solutions:
#   Reduce memory load on the system
#   Increase physical memory or swap space
#   Check if swap backing store is full
#   Decrease Java heap size (-Xmx/-Xms)
#   Decrease number of Java threads
#   Decrease Java thread stack sizes (-Xss)
#   Set larger code cache with -XX:ReservedCodeCacheSize=
#   JVM is running with Unscaled Compressed Oops mode in which the Java heap is
#     placed in the first 4GB address space. The Java Heap base address is the
#     maximum limit for the native heap growth. Please use -XX:HeapBaseMinAddress
#     to set the Java Heap base and to place the Java Heap above 4GB virtual address.
# This output file may be truncated or incomplete.
#
#  Out of Memory Error (virtualSpaceNode.cpp:110), pid=7912, tid=224
#
# JRE version: OpenJDK Runtime Environment (17.0.2+8) (build 17.0.2+8-86)
# Java VM: OpenJDK 64-Bit Server VM (17.0.2+8-86, mixed mode, sharing, tiered, compressed oops, compressed class ptrs, g1 gc, windows-amd64)
# No core dump will be written. Minidumps are not enabled by default on client versions of Windows
#

---------------  S U M M A R Y ------------

Command Line: -ea -Didea.test.cyclic.buffer.size=1048576 -javaagent:C:\Program Files\JetBrains\IntelliJ IDEA Community Edition 2021.3.2\lib\idea_rt.jar=5969:C:\Program Files\JetBrains\IntelliJ IDEA Community Edition 2021.3.2\bin -Dfile.encoding=UTF-8 com.intellij.rt.testng.RemoteTestNGStarter -usedefaultlisteners false -socket5968 @w@C:\Users\Ya\AppData\Local\Temp\idea_working_dirs_testng1.tmp -temp C:\Users\Ya\AppData\Local\Temp\idea_testng1.tmp

Host: AMD A8-3510MX APU with Radeon(tm) HD Graphics, 4 cores, 3G,  Windows 7 , 64 bit Build 7601 (6.1.7601.18229)
Time: Sun May  1 17:42:24 2022 Финляндия (лето) elapsed time: 11.303542 seconds (0d 0h 0m 11s)

---------------  T H R E A D  ---------------

Current thread (0x000000000048ade0):  JavaThread "main" [_thread_in_vm, id=224, stack(0x0000000001fc0000,0x00000000020c0000)]

Stack: [0x0000000001fc0000,0x00000000020c0000]
Native frames: (J=compiled Java code, j=interpreted, Vv=VM code, C=native code)
V  [jvm.dll+0x670baa]
V  [jvm.dll+0x7cfcb4]
V  [jvm.dll+0x7d145e]
V  [jvm.dll+0x7d1ac3]
V  [jvm.dll+0x242bc5]
V  [jvm.dll+0x7cbc5b]
V  [jvm.dll+0x616966]
V  [jvm.dll+0x1be3ee]
V  [jvm.dll+0x6192a1]
V  [jvm.dll+0x617306]
V  [jvm.dll+0x238556]
V  [jvm.dll+0x1e880d]
V  [jvm.dll+0x1de251]
V  [jvm.dll+0x537c30]
V  [jvm.dll+0x74ad28]
V  [jvm.dll+0x74ae14]
V  [jvm.dll+0x408cc5]
V  [jvm.dll+0x40ed18]
C  [java.dll+0x17ec]

Java frames: (J=compiled Java code, j=interpreted, Vv=VM code)
j  java.lang.ClassLoader.defineClass1(Ljava/lang/ClassLoader;Ljava/lang/String;[BIILjava/security/ProtectionDomain;Ljava/lang/String;)Ljava/lang/Class;+0 java.base@17.0.2
j  java.lang.ClassLoader.defineClass(Ljava/lang/String;[BIILjava/security/ProtectionDomain;)Ljava/lang/Class;+27 java.base@17.0.2
j  java.security.SecureClassLoader.defineClass(Ljava/lang/String;[BIILjava/security/CodeSource;)Ljava/lang/Class;+12 java.base@17.0.2
j  jdk.internal.loader.BuiltinClassLoader.defineClass(Ljava/lang/String;Ljdk/internal/loader/Resource;)Ljava/lang/Class;+117 java.base@17.0.2
j  jdk.internal.loader.BuiltinClassLoader.findClassOnClassPathOrNull(Ljava/lang/String;)Ljava/lang/Class;+37 java.base@17.0.2
J 529 c1 jdk.internal.loader.BuiltinClassLoader.loadClassOrNull(Ljava/lang/String;Z)Ljava/lang/Class; java.base@17.0.2 (143 bytes) @ 0x000000000a47b34c [0x000000000a47a440+0x0000000000000f0c]
J 581 c1 jdk.internal.loader.ClassLoaders$AppClassLoader.loadClass(Ljava/lang/String;Z)Ljava/lang/Class; java.base@17.0.2 (40 bytes) @ 0x000000000a48bc84 [0x000000000a48b660+0x0000000000000624]
J 580 c1 java.lang.ClassLoader.loadClass(Ljava/lang/String;)Ljava/lang/Class; java.base@17.0.2 (7 bytes) @ 0x000000000a48b2cc [0x000000000a48b1c0+0x000000000000010c]
v  ~StubRoutines::call_stub
j  org.testng.TestNG.createSuiteRunner(Lorg/testng/xml/XmlSuite;)Lorg/testng/SuiteRunner;+34
j  org.testng.TestNG.createSuiteRunners(Lorg/testng/internal/invokers/SuiteRunnerMap;Lorg/testng/xml/XmlSuite;)V+260
j  org.testng.TestNG.runSuitesLocally()Ljava/util/List;+91
j  org.testng.TestNG.runSuites()Ljava/util/List;+1
j  org.testng.TestNG.run()V+25
j  com.intellij.rt.testng.IDEARemoteTestNG.run()V+270
j  com.intellij.rt.testng.RemoteTestNGStarter.main([Ljava/lang/String;)V+536
v  ~StubRoutines::call_stub

---------------  P R O C E S S  ---------------

Threads class SMR info:
_java_thread_list=0x000000001f9756d0, length=13, elements={
0x000000000048ade0, 0x000000001b791a70, 0x000000001b793630, 0x000000001b7a8c00,
0x000000001b7aa4c0, 0x000000001b7aba80, 0x000000001b7b3400, 0x000000001b7bf080,
0x000000001e0f1f70, 0x000000001e0f2c90, 0x000000001e1e8770, 0x000000001f980630,
0x000000001f98f890
}

Java Threads: ( => current thread )
=>0x000000000048ade0 JavaThread "main" [_thread_in_vm, id=224, stack(0x0000000001fc0000,0x00000000020c0000)]
  0x000000001b791a70 JavaThread "Reference Handler" daemon [_thread_blocked, id=6556, stack(0x000000001ec80000,0x000000001ed80000)]
  0x000000001b793630 JavaThread "Finalizer" daemon [_thread_blocked, id=4316, stack(0x000000001ee70000,0x000000001ef70000)]
  0x000000001b7a8c00 JavaThread "Signal Dispatcher" daemon [_thread_blocked, id=4660, stack(0x000000001ef70000,0x000000001f070000)]
  0x000000001b7aa4c0 JavaThread "Attach Listener" daemon [_thread_blocked, id=8088, stack(0x000000001f1c0000,0x000000001f2c0000)]
  0x000000001b7aba80 JavaThread "Service Thread" daemon [_thread_blocked, id=3416, stack(0x000000001f2d0000,0x000000001f3d0000)]
  0x000000001b7b3400 JavaThread "Monitor Deflation Thread" daemon [_thread_blocked, id=5292, stack(0x000000001f4d0000,0x000000001f5d0000)]
  0x000000001b7bf080 JavaThread "C2 CompilerThread0" daemon [_thread_blocked, id=6820, stack(0x000000001f610000,0x000000001f710000)]
  0x000000001e0f1f70 JavaThread "C1 CompilerThread0" daemon [_thread_blocked, id=6408, stack(0x000000001f830000,0x000000001f930000)]
  0x000000001e0f2c90 JavaThread "Sweeper thread" daemon [_thread_blocked, id=1900, stack(0x000000001f730000,0x000000001f830000)]
  0x000000001e1e8770 JavaThread "Common-Cleaner" daemon [_thread_blocked, id=5856, stack(0x000000001f0a0000,0x000000001f1a0000)]
  0x000000001f980630 JavaThread "Monitor Ctrl-Break" daemon [_thread_in_native, id=7028, stack(0x0000000020020000,0x0000000020120000)]
  0x000000001f98f890 JavaThread "Notification Thread" daemon [_thread_blocked, id=3860, stack(0x00000000201f0000,0x00000000202f0000)]

Other Threads:
  0x000000001b78cd30 VMThread "VM Thread" [stack: 0x000000001e2d0000,0x000000001e3d0000] [id=7120]
  0x000000000048dca0 WatcherThread [stack: 0x00000000203e0000,0x00000000204e0000] [id=6112]
  0x00000000004bc510 GCTaskThread "GC Thread#0" [stack: 0x000000001b5c0000,0x000000001b6c0000] [id=8160]
  0x00000000004c5460 ConcurrentGCThread "G1 Main Marker" [stack: 0x000000001b7c0000,0x000000001b8c0000] [id=6940]
  0x00000000004c5d80 ConcurrentGCThread "G1 Conc#0" [stack: 0x000000001b9b0000,0x000000001bab0000] [id=5604]
  0x00000000004ff8a0 ConcurrentGCThread "G1 Refine#0" [stack: 0x000000001df30000,0x000000001e030000] [id=636]
  0x000000001b6d02e0 ConcurrentGCThread "G1 Service" [stack: 0x000000001de00000,0x000000001df00000] [id=3148]

Threads with active compile tasks:

VM state: not at safepoint (normal execution)

VM Mutex/Monitor currently owned by a thread:  ([mutex/lock_event])
[0x0000000000484080] Metaspace_lock - owner thread: 0x000000000048ade0

Heap address: 0x00000000c8400000, size: 892 MB, Compressed Oops mode: 32-bit

CDS archive(s) mapped at: [0x0000000800000000-0x0000000800bc0000-0x0000000800bc0000), size 12320768, SharedBaseAddress: 0x0000000800000000, ArchiveRelocationMode: 0.
Compressed class space mapped at: 0x0000000800c00000-0x0000000840c00000, reserved size: 1073741824
Narrow klass base: 0x0000000800000000, Narrow klass shift: 0, Narrow klass range: 0x100000000

GC Precious Log:
 CPUs: 4 total, 4 available
 Memory: 3563M
 Large Page Support: Disabled
 NUMA Support: Disabled
 Compressed Oops: Enabled (32-bit)
 Heap Region Size: 1M
 Heap Min Capacity: 8M
 Heap Initial Capacity: 56M
 Heap Max Capacity: 892M
 Pre-touch: Disabled
 Parallel Workers: 4
 Concurrent Workers: 1
 Concurrent Refinement Workers: 4
 Periodic GC: Disabled

Heap:
 garbage-first heap   total 57344K, used 12288K [0x00000000c8400000, 0x0000000100000000)
  region size 1024K, 13 young (13312K), 0 survivors (0K)
 Metaspace       used 4532K, committed 4672K, reserved 1056768K
  class space    used 483K, committed 576K, reserved 1048576K

Heap Regions: E=young(eden), S=young(survivor), O=old, HS=humongous(starts), HC=humongous(continues), CS=collection set, F=free, OA=open archive, CA=closed archive, TAMS=top-at-mark-start (previous, next)
|   0|0x00000000c8400000, 0x00000000c8400000, 0x00000000c8500000|  0%| F|  |TAMS 0x00000000c8400000, 0x00000000c8400000| Untracked 
|   1|0x00000000c8500000, 0x00000000c8500000, 0x00000000c8600000|  0%| F|  |TAMS 0x00000000c8500000, 0x00000000c8500000| Untracked 
|   2|0x00000000c8600000, 0x00000000c8600000, 0x00000000c8700000|  0%| F|  |TAMS 0x00000000c8600000, 0x00000000c8600000| Untracked 
|   3|0x00000000c8700000, 0x00000000c8700000, 0x00000000c8800000|  0%| F|  |TAMS 0x00000000c8700000, 0x00000000c8700000| Untracked 
|   4|0x00000000c8800000, 0x00000000c8800000, 0x00000000c8900000|  0%| F|  |TAMS 0x00000000c8800000, 0x00000000c8800000| Untracked 
|   5|0x00000000c8900000, 0x00000000c8900000, 0x00000000c8a00000|  0%| F|  |TAMS 0x00000000c8900000, 0x00000000c8900000| Untracked 
|   6|0x00000000c8a00000, 0x00000000c8a00000, 0x00000000c8b00000|  0%| F|  |TAMS 0x00000000c8a00000, 0x00000000c8a00000| Untracked 
|   7|0x00000000c8b00000, 0x00000000c8b00000, 0x00000000c8c00000|  0%| F|  |TAMS 0x00000000c8b00000, 0x00000000c8b00000| Untracked 
|   8|0x00000000c8c00000, 0x00000000c8c00000, 0x00000000c8d00000|  0%| F|  |TAMS 0x00000000c8c00000, 0x00000000c8c00000| Untracked 
|   9|0x00000000c8d00000, 0x00000000c8d00000, 0x00000000c8e00000|  0%| F|  |TAMS 0x00000000c8d00000, 0x00000000c8d00000| Untracked 
|  10|0x00000000c8e00000, 0x00000000c8e00000, 0x00000000c8f00000|  0%| F|  |TAMS 0x00000000c8e00000, 0x00000000c8e00000| Untracked 
|  11|0x00000000c8f00000, 0x00000000c8f00000, 0x00000000c9000000|  0%| F|  |TAMS 0x00000000c8f00000, 0x00000000c8f00000| Untracked 
|  12|0x00000000c9000000, 0x00000000c9000000, 0x00000000c9100000|  0%| F|  |TAMS 0x00000000c9000000, 0x00000000c9000000| Untracked 
|  13|0x00000000c9100000, 0x00000000c9100000, 0x00000000c9200000|  0%| F|  |TAMS 0x00000000c9100000, 0x00000000c9100000| Untracked 
|  14|0x00000000c9200000, 0x00000000c9200000, 0x00000000c9300000|  0%| F|  |TAMS 0x00000000c9200000, 0x00000000c9200000| Untracked 
|  15|0x00000000c9300000, 0x00000000c9300000, 0x00000000c9400000|  0%| F|  |TAMS 0x00000000c9300000, 0x00000000c9300000| Untracked 
|  16|0x00000000c9400000, 0x00000000c9400000, 0x00000000c9500000|  0%| F|  |TAMS 0x00000000c9400000, 0x00000000c9400000| Untracked 
|  17|0x00000000c9500000, 0x00000000c9500000, 0x00000000c9600000|  0%| F|  |TAMS 0x00000000c9500000, 0x00000000c9500000| Untracked 
|  18|0x00000000c9600000, 0x00000000c9600000, 0x00000000c9700000|  0%| F|  |TAMS 0x00000000c9600000, 0x00000000c9600000| Untracked 
|  19|0x00000000c9700000, 0x00000000c9700000, 0x00000000c9800000|  0%| F|  |TAMS 0x00000000c9700000, 0x00000000c9700000| Untracked 
|  20|0x00000000c9800000, 0x00000000c9800000, 0x00000000c9900000|  0%| F|  |TAMS 0x00000000c9800000, 0x00000000c9800000| Untracked 
|  21|0x00000000c9900000, 0x00000000c9900000, 0x00000000c9a00000|  0%| F|  |TAMS 0x00000000c9900000, 0x00000000c9900000| Untracked 
|  22|0x00000000c9a00000, 0x00000000c9a00000, 0x00000000c9b00000|  0%| F|  |TAMS 0x00000000c9a00000, 0x00000000c9a00000| Untracked 
|  23|0x00000000c9b00000, 0x00000000c9b00000, 0x00000000c9c00000|  0%| F|  |TAMS 0x00000000c9b00000, 0x00000000c9b00000| Untracked 
|  24|0x00000000c9c00000, 0x00000000c9c00000, 0x00000000c9d00000|  0%| F|  |TAMS 0x00000000c9c00000, 0x00000000c9c00000| Untracked 
|  25|0x00000000c9d00000, 0x00000000c9d00000, 0x00000000c9e00000|  0%| F|  |TAMS 0x00000000c9d00000, 0x00000000c9d00000| Untracked 
|  26|0x00000000c9e00000, 0x00000000c9e00000, 0x00000000c9f00000|  0%| F|  |TAMS 0x00000000c9e00000, 0x00000000c9e00000| Untracked 
|  27|0x00000000c9f00000, 0x00000000c9f00000, 0x00000000ca000000|  0%| F|  |TAMS 0x00000000c9f00000, 0x00000000c9f00000| Untracked 
|  28|0x00000000ca000000, 0x00000000ca000000, 0x00000000ca100000|  0%| F|  |TAMS 0x00000000ca000000, 0x00000000ca000000| Untracked 
|  29|0x00000000ca100000, 0x00000000ca100000, 0x00000000ca200000|  0%| F|  |TAMS 0x00000000ca100000, 0x00000000ca100000| Untracked 
|  30|0x00000000ca200000, 0x00000000ca200000, 0x00000000ca300000|  0%| F|  |TAMS 0x00000000ca200000, 0x00000000ca200000| Untracked 
|  31|0x00000000ca300000, 0x00000000ca300000, 0x00000000ca400000|  0%| F|  |TAMS 0x00000000ca300000, 0x00000000ca300000| Untracked 
|  32|0x00000000ca400000, 0x00000000ca400000, 0x00000000ca500000|  0%| F|  |TAMS 0x00000000ca400000, 0x00000000ca400000| Untracked 
|  33|0x00000000ca500000, 0x00000000ca500000, 0x00000000ca600000|  0%| F|  |TAMS 0x00000000ca500000, 0x00000000ca500000| Untracked 
|  34|0x00000000ca600000, 0x00000000ca600000, 0x00000000ca700000|  0%| F|  |TAMS 0x00000000ca600000, 0x00000000ca600000| Untracked 
|  35|0x00000000ca700000, 0x00000000ca700000, 0x00000000ca800000|  0%| F|  |TAMS 0x00000000ca700000, 0x00000000ca700000| Untracked 
|  36|0x00000000ca800000, 0x00000000ca800000, 0x00000000ca900000|  0%| F|  |TAMS 0x00000000ca800000, 0x00000000ca800000| Untracked 
|  37|0x00000000ca900000, 0x00000000ca900000, 0x00000000caa00000|  0%| F|  |TAMS 0x00000000ca900000, 0x00000000ca900000| Untracked 
|  38|0x00000000caa00000, 0x00000000caa00000, 0x00000000cab00000|  0%| F|  |TAMS 0x00000000caa00000, 0x00000000caa00000| Untracked 
|  39|0x00000000cab00000, 0x00000000cab00000, 0x00000000cac00000|  0%| F|  |TAMS 0x00000000cab00000, 0x00000000cab00000| Untracked 
|  40|0x00000000cac00000, 0x00000000cac00000, 0x00000000cad00000|  0%| F|  |TAMS 0x00000000cac00000, 0x00000000cac00000| Untracked 
|  41|0x00000000cad00000, 0x00000000cad00000, 0x00000000cae00000|  0%| F|  |TAMS 0x00000000cad00000, 0x00000000cad00000| Untracked 
|  42|0x00000000cae00000, 0x00000000cae00000, 0x00000000caf00000|  0%| F|  |TAMS 0x00000000cae00000, 0x00000000cae00000| Untracked 
|  43|0x00000000caf00000, 0x00000000cb000000, 0x00000000cb000000|100%| E|  |TAMS 0x00000000caf00000, 0x00000000caf00000| Complete 
|  44|0x00000000cb000000, 0x00000000cb100000, 0x00000000cb100000|100%| E|CS|TAMS 0x00000000cb000000, 0x00000000cb000000| Complete 
|  45|0x00000000cb100000, 0x00000000cb200000, 0x00000000cb200000|100%| E|CS|TAMS 0x00000000cb100000, 0x00000000cb100000| Complete 
|  46|0x00000000cb200000, 0x00000000cb300000, 0x00000000cb300000|100%| E|CS|TAMS 0x00000000cb200000, 0x00000000cb200000| Complete 
|  47|0x00000000cb300000, 0x00000000cb400000, 0x00000000cb400000|100%| E|CS|TAMS 0x00000000cb300000, 0x00000000cb300000| Complete 
|  48|0x00000000cb400000, 0x00000000cb500000, 0x00000000cb500000|100%| E|CS|TAMS 0x00000000cb400000, 0x00000000cb400000| Complete 
|  49|0x00000000cb500000, 0x00000000cb600000, 0x00000000cb600000|100%| E|CS|TAMS 0x00000000cb500000, 0x00000000cb500000| Complete 
|  50|0x00000000cb600000, 0x00000000cb700000, 0x00000000cb700000|100%| E|CS|TAMS 0x00000000cb600000, 0x00000000cb600000| Complete 
|  51|0x00000000cb700000, 0x00000000cb800000, 0x00000000cb800000|100%| E|CS|TAMS 0x00000000cb700000, 0x00000000cb700000| Complete 
|  52|0x00000000cb800000, 0x00000000cb900000, 0x00000000cb900000|100%| E|CS|TAMS 0x00000000cb800000, 0x00000000cb800000| Complete 
|  53|0x00000000cb900000, 0x00000000cba00000, 0x00000000cba00000|100%| E|CS|TAMS 0x00000000cb900000, 0x00000000cb900000| Complete 
|  54|0x00000000cba00000, 0x00000000cbb00000, 0x00000000cbb00000|100%| E|CS|TAMS 0x00000000cba00000, 0x00000000cba00000| Complete 
|  55|0x00000000cbb00000, 0x00000000cbc00000, 0x00000000cbc00000|100%| E|CS|TAMS 0x00000000cbb00000, 0x00000000cbb00000| Complete 

Card table byte_map: [0x00000000194f0000,0x00000000196b0000] _byte_map_base: 0x0000000018eae000

Marking Bits (Prev, Next): (CMBitMap*) 0x00000000004bd230, (CMBitMap*) 0x00000000004bd270
 Prev Bits: [0x0000000019870000, 0x000000001a660000)
 Next Bits: [0x000000001a660000, 0x000000001b450000)

Polling page: 0x0000000000340000

Metaspace:

Usage:
  Non-class:      3.95 MB used.
      Class:    483.98 KB used.
       Both:      4.43 MB used.

Virtual space:
  Non-class space:        8.00 MB reserved,       4.00 MB ( 50%) committed,  1 nodes.
      Class space:        1.00 GB reserved,     576.00 KB ( <1%) committed,  1 nodes.
             Both:        1.01 GB reserved,       4.56 MB ( <1%) committed. 

Chunk freelists:
   Non-Class:  3.17 MB
       Class:  3.48 MB
        Both:  6.65 MB

MaxMetaspaceSize: unlimited
CompressedClassSpaceSize: 1.00 GB
Initial GC threshold: 21.00 MB
Current GC threshold: 21.00 MB
CDS: on
MetaspaceReclaimPolicy: balanced
 - commit_granule_bytes: 65536.
 - commit_granule_words: 8192.
 - virtual_space_node_default_size: 1048576.
 - enlarge_chunks_in_place: 1.
 - new_chunks_are_fully_committed: 0.
 - uncommit_free_chunks: 1.
 - use_allocation_guard: 0.
 - handle_deallocations: 1.


Internal statistics:

num_allocs_failed_limit: 0.
num_arena_births: 52.
num_arena_deaths: 0.
num_vsnodes_births: 2.
num_vsnodes_deaths: 0.
num_space_committed: 73.
num_space_uncommitted: 0.
num_chunks_returned_to_freelist: 0.
num_chunks_taken_from_freelist: 124.
num_chunk_merges: 0.
num_chunk_splits: 69.
num_chunks_enlarged: 30.
num_purges: 0.
num_inconsistent_stats: 0.

CodeHeap 'non-profiled nmethods': size=120000Kb used=262Kb max_used=262Kb free=119737Kb
 bounds [0x00000000118d0000, 0x0000000011b40000, 0x0000000018e00000]
CodeHeap 'profiled nmethods': size=120000Kb used=1432Kb max_used=1432Kb free=118567Kb
 bounds [0x000000000a3a0000, 0x000000000a610000, 0x00000000118d0000]
CodeHeap 'non-nmethods': size=5760Kb used=1140Kb max_used=1156Kb free=4619Kb
 bounds [0x0000000009e00000, 0x000000000a070000, 0x000000000a3a0000]
 total_blobs=1280 nmethods=850 adapters=344
 compilation: enabled
              stopped_count=0, restarted_count=0
 full_count=0

Compilation events (20 events):
Event: 11.256 Thread 0x000000001e0f1f70  839       3       jdk.internal.jimage.ImageReader::requireOpen (18 bytes)
Event: 11.256 Thread 0x000000001e0f1f70 nmethod 839 0x000000000a500f10 code [0x000000000a5010c0, 0x000000000a5012e8]
Event: 11.256 Thread 0x000000001e0f1f70  840       3       jdk.internal.loader.URLClassPath$JarLoader::findResource (18 bytes)
Event: 11.257 Thread 0x000000001e0f1f70 nmethod 840 0x000000000a501410 code [0x000000000a5015c0, 0x000000000a501838]
Event: 11.257 Thread 0x000000001e0f1f70  841       3       java.lang.String::newStringUTF8NoRepl (276 bytes)
Event: 11.258 Thread 0x000000001e0f1f70 nmethod 841 0x000000000a501910 code [0x000000000a501bc0, 0x000000000a502b88]
Event: 11.275 Thread 0x000000001e0f1f70  843       3       java.lang.String::<init> (10 bytes)
Event: 11.275 Thread 0x000000001e0f1f70 nmethod 843 0x000000000a503090 code [0x000000000a503240, 0x000000000a503388]
Event: 11.277 Thread 0x000000001e0f1f70  844       3       jdk.internal.loader.BuiltinClassLoader::findLoadedModule (33 bytes)
Event: 11.278 Thread 0x000000001e0f1f70 nmethod 844 0x000000000a503490 code [0x000000000a5036a0, 0x000000000a503cf8]
Event: 11.293 Thread 0x000000001e0f1f70  845  s    3       jdk.internal.loader.Resource::cachedInputStream (20 bytes)
Event: 11.294 Thread 0x000000001e0f1f70 nmethod 845 0x000000000a503f90 code [0x000000000a504140, 0x000000000a504468]
Event: 11.294 Thread 0x000000001e0f1f70  846       3       java.security.CodeSource::getCertificates (98 bytes)
Event: 11.294 Thread 0x000000001e0f1f70 nmethod 846 0x000000000a504510 code [0x000000000a504780, 0x000000000a505318]
Event: 11.294 Thread 0x000000001e0f1f70  847       3       java.lang.reflect.AccessibleObject::<init> (5 bytes)
Event: 11.294 Thread 0x000000001e0f1f70 nmethod 847 0x000000000a505610 code [0x000000000a5057a0, 0x000000000a5058f8]
Event: 11.297 Thread 0x000000001e0f1f70  849       3       java.lang.invoke.LambdaForm::forceInterpretation (14 bytes)
Event: 11.297 Thread 0x000000001e0f1f70 nmethod 849 0x000000000a505990 code [0x000000000a505b20, 0x000000000a505c98]
Event: 11.297 Thread 0x000000001e0f1f70  850       3       sun.invoke.util.Wrapper::forBasicType (16 bytes)
Event: 11.298 Thread 0x000000001e0f1f70 nmethod 850 0x000000000a505d10 code [0x000000000a505ec0, 0x000000000a506068]

GC Heap History (0 events):
No events

Deoptimization events (20 events):
Event: 10.118 Thread 0x000000000048ade0 DEOPT PACKING pc=0x000000000a3e1365 sp=0x00000000020bde90
Event: 10.118 Thread 0x000000000048ade0 DEOPT UNPACKING pc=0x0000000009e52b24 sp=0x00000000020bd2e0 mode 0
Event: 10.822 Thread 0x000000000048ade0 DEOPT PACKING pc=0x000000000a3e0bd6 sp=0x00000000020bcbd0
Event: 10.822 Thread 0x000000000048ade0 DEOPT UNPACKING pc=0x0000000009e52b24 sp=0x00000000020bc070 mode 0
Event: 10.841 Thread 0x000000000048ade0 Uncommon trap: trap_request=0xffffff45 fr.pc=0x00000000118e8be4 relative=0x0000000000000064
Event: 10.842 Thread 0x000000000048ade0 Uncommon trap: reason=unstable_if action=reinterpret pc=0x00000000118e8be4 method=java.io.WinNTFileSystem.isSlash(C)Z @ 9 c2
Event: 10.842 Thread 0x000000000048ade0 DEOPT PACKING pc=0x00000000118e8be4 sp=0x00000000020bdf90
Event: 10.842 Thread 0x000000000048ade0 DEOPT UNPACKING pc=0x0000000009e5239d sp=0x00000000020bdf18 mode 2
Event: 11.147 Thread 0x000000000048ade0 Uncommon trap: trap_request=0xffffff45 fr.pc=0x0000000011906b94 relative=0x0000000000000454
Event: 11.147 Thread 0x000000000048ade0 Uncommon trap: reason=unstable_if action=reinterpret pc=0x0000000011906b94 method=java.lang.AbstractStringBuilder.putStringAt(ILjava/lang/String;II)V @ 8 c2
Event: 11.147 Thread 0x000000000048ade0 DEOPT PACKING pc=0x0000000011906b94 sp=0x00000000020bd550
Event: 11.147 Thread 0x000000000048ade0 DEOPT UNPACKING pc=0x0000000009e5239d sp=0x00000000020bd3d8 mode 2
Event: 11.147 Thread 0x000000000048ade0 Uncommon trap: trap_request=0xffffff45 fr.pc=0x00000000119076b0 relative=0x0000000000000470
Event: 11.147 Thread 0x000000000048ade0 Uncommon trap: reason=unstable_if action=reinterpret pc=0x00000000119076b0 method=java.lang.AbstractStringBuilder.putStringAt(ILjava/lang/String;II)V @ 8 c2
Event: 11.147 Thread 0x000000000048ade0 DEOPT PACKING pc=0x00000000119076b0 sp=0x00000000020bd500
Event: 11.147 Thread 0x000000000048ade0 DEOPT UNPACKING pc=0x0000000009e5239d sp=0x00000000020bd3e0 mode 2
Event: 11.147 Thread 0x000000000048ade0 Uncommon trap: trap_request=0xffffff45 fr.pc=0x00000000118e58dc relative=0x000000000000005c
Event: 11.147 Thread 0x000000000048ade0 Uncommon trap: reason=unstable_if action=reinterpret pc=0x00000000118e58dc method=java.lang.AbstractStringBuilder.isLatin1()Z @ 10 c2
Event: 11.147 Thread 0x000000000048ade0 DEOPT PACKING pc=0x00000000118e58dc sp=0x00000000020bd380
Event: 11.147 Thread 0x000000000048ade0 DEOPT UNPACKING pc=0x0000000009e5239d sp=0x00000000020bd310 mode 2

Classes unloaded (0 events):
No events

Classes redefined (0 events):
No events

Internal exceptions (9 events):
Event: 5.576 Thread 0x000000001f980630 Exception <a 'java/lang/NoSuchMethodError'{0x00000000cbacaaf8}: 'java.lang.Object java.lang.invoke.DirectMethodHandle$Holder.invokeStaticInit(java.lang.Object)'> (0x00000000cbacaaf8) 
thrown [t:\workspace\open\src\hotspot\share\interpreter\linkResolver.cpp, line 766]
Event: 5.713 Thread 0x000000001f980630 Exception <a 'java/lang/NoSuchMethodError'{0x00000000cbad89c8}: 'void java.lang.invoke.DirectMethodHandle$Holder.invokeStatic(java.lang.Object, java.lang.Object)'> (0x00000000cbad89c8) 
thrown [t:\workspace\open\src\hotspot\share\interpreter\linkResolver.cpp, line 766]
Event: 5.714 Thread 0x000000000048ade0 Exception <a 'java/lang/NoSuchMethodError'{0x00000000cbaaa578}: 'void java.lang.invoke.DirectMethodHandle$Holder.invokeStatic(java.lang.Object, java.lang.Object)'> (0x00000000cbaaa578) 
thrown [t:\workspace\open\src\hotspot\share\interpreter\linkResolver.cpp, line 766]
Event: 9.870 Thread 0x000000000048ade0 Exception <a 'java/lang/NoClassDefFoundError'{0x00000000cb32dd90}: org/slf4j/impl/StaticLoggerBinder> (0x00000000cb32dd90) 
thrown [t:\workspace\open\src\hotspot\share\classfile\systemDictionary.cpp, line 245]
Event: 10.028 Thread 0x000000000048ade0 Exception <a 'java/lang/NoSuchMethodError'{0x00000000cb3a9d10}: 'int java.lang.invoke.DirectMethodHandle$Holder.invokeStaticInit(java.lang.Object, java.lang.Object)'> (0x00000000cb3a9d10) 
thrown [t:\workspace\open\src\hotspot\share\interpreter\linkResolver.cpp, line 766]
Event: 10.726 Thread 0x000000000048ade0 Exception <a 'java/lang/ClassNotFoundException'{0x00000000cb1dd048}: com/sun/org/apache/xerces/internal/impl/msg/spi/SAXMessagesProvider> (0x00000000cb1dd048) 
thrown [t:\workspace\open\src\hotspot\share\classfile\systemDictionary.cpp, line 256]
Event: 11.012 Thread 0x000000000048ade0 Exception <a 'java/lang/NoSuchMethodError'{0x00000000cb0aafa0}: 'java.lang.Object java.lang.invoke.DirectMethodHandle$Holder.invokeStaticInit(java.lang.Object, int, int, int, int)'> (0x00000000cb0aafa0) 
thrown [t:\workspace\open\src\hotspot\share\interpreter\linkResolver.cpp, line 766]
Event: 11.183 Thread 0x000000000048ade0 Exception <a 'java/lang/NoSuchMethodError'{0x00000000caf54ea0}: 'java.lang.Object java.lang.invoke.DirectMethodHandle$Holder.invokeStaticInit(java.lang.Object, java.lang.Object, int, int, int, int)'> (0x00000000caf54ea0) 
thrown [t:\workspace\open\src\hotspot\share\interpreter\linkResolver.cpp, line 766]
Event: 11.246 Thread 0x000000000048ade0 Exception <a 'java/lang/NoSuchMethodError'{0x00000000caf7e4c8}: 'void java.lang.invoke.DirectMethodHandle$Holder.invokeSpecial(java.lang.Object, java.lang.Object, java.lang.Object)'> (0x00000000caf7e4c8) 
thrown [t:\workspace\open\src\hotspot\share\interpreter\linkResolver.cpp, line 766]

VM Operations (20 events):
Event: 5.036 Executing VM operation: HandshakeAllThreads
Event: 5.036 Executing VM operation: HandshakeAllThreads done
Event: 5.036 Executing VM operation: Cleanup
Event: 5.036 Executing VM operation: Cleanup done
Event: 5.361 Executing VM operation: HandshakeAllThreads
Event: 5.361 Executing VM operation: HandshakeAllThreads done
Event: 6.361 Executing VM operation: Cleanup
Event: 6.362 Executing VM operation: Cleanup done
Event: 8.362 Executing VM operation: Cleanup
Event: 8.362 Executing VM operation: Cleanup done
Event: 10.363 Executing VM operation: Cleanup
Event: 10.363 Executing VM operation: Cleanup done
Event: 10.577 Executing VM operation: HandshakeAllThreads
Event: 10.577 Executing VM operation: HandshakeAllThreads done
Event: 10.841 Executing VM operation: HandshakeAllThreads
Event: 10.841 Executing VM operation: HandshakeAllThreads done
Event: 10.950 Executing VM operation: HandshakeAllThreads
Event: 10.950 Executing VM operation: HandshakeAllThreads done
Event: 10.990 Executing VM operation: HandshakeAllThreads
Event: 10.990 Executing VM operation: HandshakeAllThreads done

Events (20 events):
Event: 11.153 loading class sun/nio/fs/WindowsDirectoryStream$WindowsDirectoryIterator
Event: 11.153 loading class sun/nio/fs/WindowsDirectoryStream$WindowsDirectoryIterator done
Event: 11.153 loading class sun/nio/fs/WindowsPath$WindowsPathWithAttributes
Event: 11.153 loading class sun/nio/fs/BasicFileAttributesHolder
Event: 11.162 loading class sun/nio/fs/BasicFileAttributesHolder done
Event: 11.162 loading class sun/nio/fs/WindowsPath$WindowsPathWithAttributes done
Event: 11.184 loading class sun/security/provider/AbstractDrbg$NonceProvider
Event: 11.184 loading class sun/security/provider/AbstractDrbg$NonceProvider done
Event: 11.184 loading class sun/security/provider/SHA2$SHA256
Event: 11.184 loading class sun/security/provider/SHA2
Event: 11.184 loading class sun/security/provider/SHA2 done
Event: 11.185 loading class sun/security/provider/SHA2$SHA256 done
Event: 11.202 loading class jdk/internal/loader/URLClassPath$FileLoader$1
Event: 11.202 loading class jdk/internal/loader/URLClassPath$FileLoader$1 done
Event: 11.218 loading class com/sun/org/apache/xerces/internal/impl/io/MalformedByteSequenceException
Event: 11.246 loading class java/io/CharConversionException
Event: 11.246 loading class java/io/CharConversionException done
Event: 11.246 loading class com/sun/org/apache/xerces/internal/impl/io/MalformedByteSequenceException done
Event: 11.294 loading class java/lang/ExceptionInInitializerError
Event: 11.294 loading class java/lang/ExceptionInInitializerError done


Dynamic libraries:
0x000000013fed0000 - 0x000000013fede000 	C:\Users\Ya\.jdks\openjdk-17.0.2\bin\java.exe
0x0000000077860000 - 0x0000000077a09000 	C:\Windows\SYSTEM32\ntdll.dll
0x0000000077640000 - 0x000000007775f000 	C:\Windows\system32\kernel32.dll
0x000007fefd970000 - 0x000007fefd9db000 	C:\Windows\system32\KERNELBASE.dll
0x000007fefc100000 - 0x000007fefc118000 	C:\Users\Ya\.jdks\openjdk-17.0.2\bin\jli.dll
0x000007fefb9a0000 - 0x000007fefbb94000 	C:\Windows\WinSxS\amd64_microsoft.windows.common-controls_6595b64144ccf1df_6.0.7601.17514_none_fa396087175ac9ac\COMCTL32.dll
0x000007feff870000 - 0x000007feff90f000 	C:\Windows\system32\msvcrt.dll
0x000007feffa00000 - 0x000007feffa67000 	C:\Windows\system32\GDI32.dll
0x0000000077760000 - 0x000000007785a000 	C:\Windows\system32\USER32.dll
0x000007fefda40000 - 0x000007fefda4e000 	C:\Windows\system32\LPK.dll
0x000007feff3e0000 - 0x000007feff4a9000 	C:\Windows\system32\USP10.dll
0x000007fefde90000 - 0x000007fefdf01000 	C:\Windows\system32\SHLWAPI.dll
0x000007fef8600000 - 0x000007fef861a000 	C:\Users\Ya\.jdks\openjdk-17.0.2\bin\VCRUNTIME140.dll
0x000007fef8720000 - 0x000007fef8724000 	C:\Users\Ya\.jdks\openjdk-17.0.2\bin\api-ms-win-crt-runtime-l1-1-0.dll
0x000007fef6e40000 - 0x000007fef6f3a000 	C:\Users\Ya\.jdks\openjdk-17.0.2\bin\ucrtbase.DLL
0x000007fef85f0000 - 0x000007fef85f3000 	C:\Users\Ya\.jdks\openjdk-17.0.2\bin\api-ms-win-core-localization-l1-2-0.dll
0x000007fef85e0000 - 0x000007fef85e3000 	C:\Users\Ya\.jdks\openjdk-17.0.2\bin\api-ms-win-core-processthreads-l1-1-1.dll
0x000007fef85d0000 - 0x000007fef85d3000 	C:\Users\Ya\.jdks\openjdk-17.0.2\bin\api-ms-win-core-file-l1-2-0.dll
0x000007fef85c0000 - 0x000007fef85c3000 	C:\Users\Ya\.jdks\openjdk-17.0.2\bin\api-ms-win-core-timezone-l1-1-0.dll
0x000007fef85b0000 - 0x000007fef85b3000 	C:\Users\Ya\.jdks\openjdk-17.0.2\bin\api-ms-win-core-file-l2-1-0.dll
0x000007fef6ff0000 - 0x000007fef6ff3000 	C:\Users\Ya\.jdks\openjdk-17.0.2\bin\api-ms-win-core-synch-l1-2-0.dll
0x000007fef6fe0000 - 0x000007fef6fe3000 	C:\Users\Ya\.jdks\openjdk-17.0.2\bin\api-ms-win-crt-heap-l1-1-0.dll
0x000007fef6fd0000 - 0x000007fef6fd4000 	C:\Users\Ya\.jdks\openjdk-17.0.2\bin\api-ms-win-crt-string-l1-1-0.dll
0x000007fef6fc0000 - 0x000007fef6fc4000 	C:\Users\Ya\.jdks\openjdk-17.0.2\bin\api-ms-win-crt-stdio-l1-1-0.dll
0x000007fef6fb0000 - 0x000007fef6fb4000 	C:\Users\Ya\.jdks\openjdk-17.0.2\bin\api-ms-win-crt-convert-l1-1-0.dll
0x000007fef6fa0000 - 0x000007fef6fa3000 	C:\Users\Ya\.jdks\openjdk-17.0.2\bin\api-ms-win-crt-environment-l1-1-0.dll
0x000007fef6f90000 - 0x000007fef6f93000 	C:\Users\Ya\.jdks\openjdk-17.0.2\bin\api-ms-win-crt-filesystem-l1-1-0.dll
0x000007fef6f80000 - 0x000007fef6f85000 	C:\Users\Ya\.jdks\openjdk-17.0.2\bin\api-ms-win-crt-math-l1-1-0.dll
0x000007fef6e30000 - 0x000007fef6e33000 	C:\Users\Ya\.jdks\openjdk-17.0.2\bin\api-ms-win-crt-locale-l1-1-0.dll
0x000007feff120000 - 0x000007feff14e000 	C:\Windows\system32\IMM32.DLL
0x000007feff4b0000 - 0x000007feff5b9000 	C:\Windows\system32\MSCTF.dll
0x000007fef6e20000 - 0x000007fef6e2c000 	C:\Users\Ya\.jdks\openjdk-17.0.2\bin\vcruntime140_1.dll
0x000007fef6d90000 - 0x000007fef6e1d000 	C:\Users\Ya\.jdks\openjdk-17.0.2\bin\msvcp140.dll
0x000007fef6d80000 - 0x000007fef6d83000 	C:\Users\Ya\.jdks\openjdk-17.0.2\bin\api-ms-win-crt-time-l1-1-0.dll
0x000007fef6d70000 - 0x000007fef6d73000 	C:\Users\Ya\.jdks\openjdk-17.0.2\bin\api-ms-win-crt-utility-l1-1-0.dll
0x000007fec0680000 - 0x000007fec1241000 	C:\Users\Ya\.jdks\openjdk-17.0.2\bin\server\jvm.dll
0x000007fefdbd0000 - 0x000007fefdcab000 	C:\Windows\system32\ADVAPI32.dll
0x000007fefdbb0000 - 0x000007fefdbcf000 	C:\Windows\SYSTEM32\sechost.dll
0x000007feff230000 - 0x000007feff35d000 	C:\Windows\system32\RPCRT4.dll
0x000007fefaec0000 - 0x000007fefaec9000 	C:\Windows\system32\WSOCK32.dll
0x000007feff9b0000 - 0x000007feff9fd000 	C:\Windows\system32\WS2_32.dll
0x000007fefeeb0000 - 0x000007fefeeb8000 	C:\Windows\system32\NSI.dll
0x000007fefa7f0000 - 0x000007fefa82b000 	C:\Windows\system32\WINMM.dll
0x000007fefc750000 - 0x000007fefc75c000 	C:\Windows\system32\VERSION.dll
0x0000000077a20000 - 0x0000000077a27000 	C:\Windows\system32\PSAPI.DLL
0x000007fef6d60000 - 0x000007fef6d6a000 	C:\Users\Ya\.jdks\openjdk-17.0.2\bin\jimage.dll
0x000007feee740000 - 0x000007feee865000 	C:\Windows\system32\DBGHELP.DLL
0x000007fef6d50000 - 0x000007fef6d5e000 	C:\Users\Ya\.jdks\openjdk-17.0.2\bin\instrument.dll
0x000007fef0190000 - 0x000007fef01b5000 	C:\Users\Ya\.jdks\openjdk-17.0.2\bin\java.dll
0x000007fef00b0000 - 0x000007fef0186000 	C:\Users\Ya\.jdks\openjdk-17.0.2\bin\jsvml.dll
0x000007fefe120000 - 0x000007fefeea8000 	C:\Windows\system32\SHELL32.dll
0x000007fefdf10000 - 0x000007fefe113000 	C:\Windows\system32\ole32.dll
0x000007fefd610000 - 0x000007fefd61f000 	C:\Windows\system32\profapi.dll
0x000007feee680000 - 0x000007feee698000 	C:\Users\Ya\.jdks\openjdk-17.0.2\bin\zip.dll
0x000007fef0090000 - 0x000007fef00a9000 	C:\Users\Ya\.jdks\openjdk-17.0.2\bin\net.dll
0x000007fef5c70000 - 0x000007fef5ce1000 	C:\Windows\system32\WINHTTP.dll
0x000007fef5190000 - 0x000007fef51f4000 	C:\Windows\system32\webio.dll
0x000007fefce80000 - 0x000007fefced5000 	C:\Windows\system32\mswsock.dll
0x000007fefce70000 - 0x000007fefce77000 	C:\Windows\System32\wship6.dll
0x000007fef0070000 - 0x000007fef0086000 	C:\Users\Ya\.jdks\openjdk-17.0.2\bin\nio.dll
0x000007feee260000 - 0x000007feee27a000 	C:\Program Files\JetBrains\IntelliJ IDEA Community Edition 2021.3.2\bin\breakgen64.dll
0x000007fef6d40000 - 0x000007fef6d50000 	C:\Users\Ya\.jdks\openjdk-17.0.2\bin\verify.dll
0x000007fefcee0000 - 0x000007fefcef7000 	C:\Windows\system32\CRYPTSP.dll
0x000007fefcbe0000 - 0x000007fefcc27000 	C:\Windows\system32\rsaenh.dll
0x000007fefc960000 - 0x000007fefc97e000 	C:\Windows\system32\USERENV.dll
0x000007fefd540000 - 0x000007fefd54f000 	C:\Windows\system32\CRYPTBASE.dll
0x000007fefadd0000 - 0x000007fefadf7000 	C:\Windows\system32\IPHLPAPI.DLL
0x000007fefadc0000 - 0x000007fefadcb000 	C:\Windows\system32\WINNSI.DLL
0x000007fefa150000 - 0x000007fefa168000 	C:\Windows\system32\dhcpcsvc.DLL
0x000007fefa030000 - 0x000007fefa041000 	C:\Windows\system32\dhcpcsvc6.DLL

dbghelp: loaded successfully - version: 4.0.5 - missing functions: none
symbol engine: initialized successfully - sym options: 0x614 - pdb path: .;C:\Users\Ya\.jdks\openjdk-17.0.2\bin;C:\Windows\SYSTEM32;C:\Windows\WinSxS\amd64_microsoft.windows.common-controls_6595b64144ccf1df_6.0.7601.17514_none_fa396087175ac9ac;C:\Users\Ya\.jdks\openjdk-17.0.2\bin\server;C:\Program Files\JetBrains\IntelliJ IDEA Community Edition 2021.3.2\bin

VM Arguments:
jvm_args: -ea -Didea.test.cyclic.buffer.size=1048576 -javaagent:C:\Program Files\JetBrains\IntelliJ IDEA Community Edition 2021.3.2\lib\idea_rt.jar=5969:C:\Program Files\JetBrains\IntelliJ IDEA Community Edition 2021.3.2\bin -Dfile.encoding=UTF-8 
java_command: com.intellij.rt.testng.RemoteTestNGStarter -usedefaultlisteners false -socket5968 @w@C:\Users\Ya\AppData\Local\Temp\idea_working_dirs_testng1.tmp -temp C:\Users\Ya\AppData\Local\Temp\idea_testng1.tmp
java_class_path (initial): C:\Program Files\JetBrains\IntelliJ IDEA Community Edition 2021.3.2\lib\idea_rt.jar;C:\Program Files\JetBrains\IntelliJ IDEA Community Edition 2021.3.2\plugins\testng\lib\testng-rt.jar;C:\automationFrameworkNEWOnlineCourse\target\test-classes;C:\Users\Ya\.m2\repository\org\testng\testng\7.5\testng-7.5.jar;C:\Users\Ya\.m2\repository\com\google\code\findbugs\jsr305\3.0.1\jsr305-3.0.1.jar;C:\Users\Ya\.m2\repository\org\slf4j\slf4j-api\1.7.32\slf4j-api-1.7.32.jar;C:\Users\Ya\.m2\repository\com\beust\jcommander\1.78\jcommander-1.78.jar;C:\Users\Ya\.m2\repository\org\webjars\jquery\3.5.1\jquery-3.5.1.jar;C:\Users\Ya\.m2\repository\org\seleniumhq\selenium\selenium-java\4.1.3\selenium-java-4.1.3.jar;C:\Users\Ya\.m2\repository\org\seleniumhq\selenium\selenium-api\4.1.3\selenium-api-4.1.3.jar;C:\Users\Ya\.m2\repository\org\seleniumhq\selenium\selenium-chrome-driver\4.1.3\selenium-chrome-driver-4.1.3.jar;C:\Users\Ya\.m2\repository\com\google\auto\service\auto-service-annotations\1.0.1\auto-service-annotations-1.0.1.jar;C:\Users\Ya\.m2\repository\com\google\auto\service\auto-service\1.0.1\auto-service-1.0.1.jar;C:\Users\Ya\.m2\repository\com\google\auto\auto-common\1.2\auto-common-1.2.jar;C:\Users\Ya\.m2\repository\com\google\guava\guava\31.1-jre\guava-31.1-jre.jar;C:\Users\Ya\.m2\repository\com\google\guava\failureaccess\1.0.1\failureaccess-1.0.1.jar;C:\Users\Ya\.m2\repository\com\google\guava\listenablefuture\9999.0-empty-to-avoid-conflict-with-guava\listenablefuture-9999.0-empty-to-avoid-conflict-with-guava.jar;C:\Users\Ya\.m2\repository\org\checkerframework\checker-qual\3.12.0\checker-qual-3.12.0.jar;C:\Users\Ya\.m2\repository\com\google\errorprone\error_prone_annotations\2.11.0\error_prone_annotations-2.11.0.jar;C:\Users\Ya\.m2\repository\com\google\j2objc\j2objc-annotations\1.3\j2objc-annotations-1.3.jar;C:\Users\Ya\.m2\repository\org\seleniumhq\selenium\selenium-chromium-driver\4.1.3\selenium-chromium-driver-4.1.3.jar;C:\Users\Ya\.m2\reposito
Launcher Type: SUN_STANDARD

[Global flags]
     intx CICompilerCount                          = 3                                         {product} {ergonomic}
     uint ConcGCThreads                            = 1                                         {product} {ergonomic}
     uint G1ConcRefinementThreads                  = 4                                         {product} {ergonomic}
   size_t G1HeapRegionSize                         = 1048576                                   {product} {ergonomic}
    uintx GCDrainStackTargetSize                   = 64                                        {product} {ergonomic}
   size_t InitialHeapSize                          = 58720256                                  {product} {ergonomic}
   size_t MarkStackSize                            = 4194304                                   {product} {ergonomic}
   size_t MaxHeapSize                              = 935329792                                 {product} {ergonomic}
   size_t MaxNewSize                               = 560988160                                 {product} {ergonomic}
   size_t MinHeapDeltaBytes                        = 1048576                                   {product} {ergonomic}
   size_t MinHeapSize                              = 8388608                                   {product} {ergonomic}
    uintx NonNMethodCodeHeapSize                   = 5832780                                {pd product} {ergonomic}
    uintx NonProfiledCodeHeapSize                  = 122912730                              {pd product} {ergonomic}
    uintx ProfiledCodeHeapSize                     = 122912730                              {pd product} {ergonomic}
    uintx ReservedCodeCacheSize                    = 251658240                              {pd product} {ergonomic}
     bool SegmentedCodeCache                       = true                                      {product} {ergonomic}
   size_t SoftMaxHeapSize                          = 935329792                              {manageable} {ergonomic}
     bool UseCompressedClassPointers               = true                           {product lp64_product} {ergonomic}
     bool UseCompressedOops                        = true                           {product lp64_product} {ergonomic}
     bool UseG1GC                                  = true                                      {product} {ergonomic}
     bool UseLargePagesIndividualAllocation        = false                                  {pd product} {ergonomic}

Logging:
Log output configuration:
 #0: stdout all=warning uptime,level,tags
 #1: stderr all=off uptime,level,tags

Environment Variables:
PATH=C:\Program Files (x86)\Common Files\Oracle\Java\javapath;C:\Windows\system32;C:\Windows;C:\Windows\System32\Wbem;C:\Windows\System32\WindowsPowerShell\v1.0\;C:\Program Files\PuTTY\;C:\Program Files (x86)\AMD\ATI.ACE\Core-Static;C:\Program Files\Git\cmd
USERNAME=Ya
OS=Windows_NT
PROCESSOR_IDENTIFIER=AMD64 Family 18 Model 1 Stepping 0, AuthenticAMD



---------------  S Y S T E M  ---------------

OS:
 Windows 7 , 64 bit Build 7601 (6.1.7601.18229)
OS uptime: 0 days 1:09 hours

CPU: total 4 (initial active 4) (4 cores per cpu, 1 threads per core) family 18 model 1 stepping 0 microcode 0x0, cx8, cmov, fxsr, mmx, 3dnowpref, sse, sse2, sse3, sse4a, popcnt, lzcnt, tsc, tscinvbit, clflush

Memory: 4k page, system-wide physical 3563M (328M free)
TotalPageFile size 9902M (AvailPageFile size 8M)
current process WorkingSet (physical memory assigned to process): 57M, peak: 57M
current process commit charge ("private bytes"): 143M, peak: 143M

vm_info: OpenJDK 64-Bit Server VM (17.0.2+8-86) for windows-amd64 JRE (17.0.2+8-86), built on Dec  7 2021 21:49:10 by "mach5one" with MS VC++ 16.8 / 16.9 (VS2019)

END.
